-------------------------------------------------------------------------------
Test set: com.app.MavenSpringBootMvcAopRestApiCrudWithReactReduxAndMongodb.MavenSpringBootMvcAopRestApiCrudWithReactReduxAndMongodbApplicationTests
-------------------------------------------------------------------------------
Tests run: 1, Failures: 0, Errors: 0, Skipped: 0, Time elapsed: 26.816 s - in com.app.MavenSpringBootMvcAopRestApiCrudWithReactReduxAndMongodb.MavenSpringBootMvcAopRestApiCrudWithReactReduxAndMongodbApplicationTests
